<?xml version="1.0" encoding="UTF-8"?>
<!-- Generated by org.testng.reporters.JUnitReportReporter -->
<testsuite hostname="IBM761-PC0F1G60" name="Testing.TC02_navigateHotel" tests="1" failures="0" timestamp="28 May 2018 16:49:06 GMT" time="17.523" errors="0">
  <testcase name="basePageNavigation" time="17.523" classname="Testing.TC02_navigateHotel"/>
</testsuite> <!-- Testing.TC02_navigateHotel -->
