<?xml version="1.0" encoding="UTF-8"?>
<!-- Generated by org.testng.reporters.JUnitReportReporter -->
<testsuite hostname="IBM761-PC0F1G60" name="Testing.TC01_Login" tests="1" failures="0" timestamp="28 May 2018 16:52:04 GMT" time="20.415" errors="0">
  <testcase name="basePageNavigation" time="20.415" classname="Testing.TC01_Login"/>
</testsuite> <!-- Testing.TC01_Login -->
